[01m[K/home/raphael/catkin_ws/src/target_generator/src/TargetGenerator.cpp:[m[K In member function ‘[01m[Kvoid TargetGenerator::IniciaPop(Populacao*, int, int)[m[K’:
[01m[K/home/raphael/catkin_ws/src/target_generator/src/TargetGenerator.cpp:1109:58:[m[K [01;31m[Kerror: [m[K‘[01m[Krandgen[m[K’ was not declared in this scope
     p->indiv[i].var[0] = (double)randgen(dmin[0], dmax[0]);
[01;32m[K                                                          ^[m[K
[01m[K/home/raphael/catkin_ws/src/target_generator/src/TargetGenerator.cpp:[m[K In member function ‘[01m[Kvoid TargetGenerator::CruzaBlend(Populacao*, int, int, int, float)[m[K’:
[01m[K/home/raphael/catkin_ws/src/target_generator/src/TargetGenerator.cpp:1167:48:[m[K [01;31m[Kerror: [m[Kexpected ‘[01m[K;[m[K’ before ‘[01m[K)[m[K’ token
       nureal = dmin[0] - p->indiv[filho].var[i]) / interv;
[01;32m[K                                                ^[m[K
[01m[K/home/raphael/catkin_ws/src/target_generator/src/TargetGenerator.cpp:[m[K In member function ‘[01m[Kdouble TargetGenerator::SimplexFixo(double*, int, int)[m[K’:
[01m[K/home/raphael/catkin_ws/src/target_generator/src/TargetGenerator.cpp:1553:7:[m[K [01;31m[Kerror: [m[Kcannot convert ‘[01m[Kdouble*[m[K’ to ‘[01m[Kdouble[m[K’ in assignment
   min = Simplex(indiv, tam, erro, SCALE, passos, Alfa, Beta, Gama);
[01;32m[K       ^[m[K
[01m[K/home/raphael/catkin_ws/src/target_generator/src/TargetGenerator.cpp:[m[K In member function ‘[01m[Kdouble TargetGenerator::SimplexRand(double*, int, int)[m[K’:
[01m[K/home/raphael/catkin_ws/src/target_generator/src/TargetGenerator.cpp:1563:44:[m[K [01;31m[Kerror: [m[K‘[01m[Krandgen[m[K’ was not declared in this scope
   Alfa = randgen(VLALFA - 0.5, VLALFA + 0.5);
[01;32m[K                                            ^[m[K
[01m[K/home/raphael/catkin_ws/src/target_generator/src/TargetGenerator.cpp:1567:7:[m[K [01;31m[Kerror: [m[Kcannot convert ‘[01m[Kdouble*[m[K’ to ‘[01m[Kdouble[m[K’ in assignment
   min = Simplex(indiv, tam, erro, SCALE, passos, Alfa, Beta, Gama);
[01;32m[K       ^[m[K
[01m[K/home/raphael/catkin_ws/src/target_generator/src/TargetGenerator.cpp:[m[K In member function ‘[01m[Kvoid TargetGenerator::IniciaSct(Populacao*, int, int, int)[m[K’:
[01m[K/home/raphael/catkin_ws/src/target_generator/src/TargetGenerator.cpp:1580:9:[m[K [01;31m[Kerror: [m[K‘[01m[KlimFixos[m[K’ was not declared in this scope
   inf = limFixos[nfun].inf;
[01;32m[K         ^[m[K
[01m[K/home/raphael/catkin_ws/src/target_generator/src/TargetGenerator.cpp:1594:68:[m[K [01;31m[Kerror: [m[K‘[01m[Krandgen[m[K’ was not declared in this scope
       p->indiv[i].var[j] = (double)randgen(lista[j], lista[j] + pas);
[01;32m[K                                                                    ^[m[K
make[2]: *** [CMakeFiles/TargetGenerator.dir/src/TargetGenerator.cpp.o] Error 1
make[1]: *** [CMakeFiles/TargetGenerator.dir/all] Error 2
make: *** [all] Error 2
