[35m[1mScanning dependencies of target Node[0m
[35m[1mScanning dependencies of target Firefly[0m
[ 10%] [32mBuilding CXX object CMakeFiles/Node.dir/src/Node.cpp.o[0m
[ 20%] [32mBuilding CXX object CMakeFiles/Firefly.dir/src/Firefly.cpp.o[0m
[ 30%] [32m[1mLinking CXX shared library /home/ros/target_generator/devel/.private/target_generator/lib/libFirefly.so[0m
[ 30%] Built target Firefly
[ 40%] [32m[1mLinking CXX shared library /home/ros/target_generator/devel/.private/target_generator/lib/libNode.so[0m
[ 40%] Built target Node
[35m[1mScanning dependencies of target AStar[0m
[ 50%] [32mBuilding CXX object CMakeFiles/AStar.dir/src/AStar.cpp.o[0m
[ 60%] [32m[1mLinking CXX shared library /home/ros/target_generator/devel/.private/target_generator/lib/libAStar.so[0m
[ 60%] Built target AStar
[35m[1mScanning dependencies of target TargetGenerator[0m
[ 70%] [32mBuilding CXX object CMakeFiles/TargetGenerator.dir/src/TargetGenerator.cpp.o[0m
[ 80%] [32m[1mLinking CXX shared library /home/ros/target_generator/devel/.private/target_generator/lib/libTargetGenerator.so[0m
[ 80%] Built target TargetGenerator
[35m[1mScanning dependencies of target target_generator[0m
[ 90%] [32mBuilding CXX object CMakeFiles/target_generator.dir/src/main.cpp.o[0m
[100%] [32m[1mLinking CXX executable /home/ros/target_generator/devel/.private/target_generator/lib/target_generator/target_generator[0m
[100%] Built target target_generator
