[01m[K/home/raphael/catkin_ws/src/target_generator/src/TargetGenerator.cpp:[m[K In member function ‘[01m[Kvoid TargetGenerator::GeneticAlgorithm()[m[K’:
[01m[K/home/raphael/catkin_ws/src/target_generator/src/TargetGenerator.cpp:999:35:[m[K [01;31m[Kerror: [m[K‘[01m[Kfuncao[m[K’ was not declared in this scope
     IniciaPop(&P, MAXPOP, MAXVAR, funcao);
[01;32m[K                                   ^[m[K
[01m[K/home/raphael/catkin_ws/src/target_generator/src/TargetGenerator.cpp:1005:48:[m[K [01;31m[Kerror: [m[K‘[01m[KlimFixos[m[K’ was not declared in this scope
     printf("\n      Evoluindo %s com %d vars", limFixos[funcao].nom, MAXVAR);
[01;32m[K                                                ^[m[K
[01m[K/home/raphael/catkin_ws/src/target_generator/src/TargetGenerator.cpp:[m[K In member function ‘[01m[Kvoid TargetGenerator::IniciaPop(Populacao*, int, int, int)[m[K’:
[01m[K/home/raphael/catkin_ws/src/target_generator/src/TargetGenerator.cpp:1114:44:[m[K [01;31m[Kerror: [m[K‘[01m[KlimFixos[m[K’ was not declared in this scope
       p->indiv[i].var[j] = (double)randgen(limFixos[nfun].inf, limFixos[nfun].sup);
[01;32m[K                                            ^[m[K
[01m[K/home/raphael/catkin_ws/src/target_generator/src/TargetGenerator.cpp:1114:82:[m[K [01;31m[Kerror: [m[K‘[01m[Krandgen[m[K’ was not declared in this scope
       p->indiv[i].var[j] = (double)randgen(limFixos[nfun].inf, limFixos[nfun].sup);
[01;32m[K                                                                                  ^[m[K
[01m[K/home/raphael/catkin_ws/src/target_generator/src/TargetGenerator.cpp:[m[K In member function ‘[01m[Kvoid TargetGenerator::CruzaBlend(Populacao*, int, int, int, float)[m[K’:
[01m[K/home/raphael/catkin_ws/src/target_generator/src/TargetGenerator.cpp:1171:34:[m[K [01;31m[Kerror: [m[K‘[01m[KlimFixos[m[K’ was not declared in this scope
     if (p->indiv[filho].var[i] < limFixos[FUNCAO].inf)
[01;32m[K                                  ^[m[K
In file included from [01m[K/home/raphael/catkin_ws/src/target_generator/src/TargetGenerator.h:28:0[m[K,
                 from [01m[K/home/raphael/catkin_ws/src/target_generator/src/TargetGenerator.cpp:6[m[K:
[01m[K/home/raphael/catkin_ws/src/target_generator/src/Parameters.h:99:16:[m[K [01;31m[Kerror: [m[K‘[01m[Kf12[m[K’ was not declared in this scope
 #define FUNCAO f12
[01;32m[K                ^[m[K
[01m[K/home/raphael/catkin_ws/src/target_generator/src/TargetGenerator.cpp:1171:43:[m[K [01;36m[Knote: [m[Kin expansion of macro ‘[01m[KFUNCAO[m[K’
     if (p->indiv[filho].var[i] < limFixos[FUNCAO].inf)
[01;32m[K                                           ^[m[K
[01m[K/home/raphael/catkin_ws/src/target_generator/src/TargetGenerator.cpp:[m[K In function ‘[01m[Kdouble* Simplex(double*, int, double, double, int, double, double, double)[m[K’:
[01m[K/home/raphael/catkin_ws/src/target_generator/src/TargetGenerator.cpp:1326:37:[m[K [01;31m[Kerror: [m[K‘[01m[KObjectiveFunction[m[K’ was not declared in this scope
     f[j] = ObjectiveFunction(v[j], n);
[01;32m[K                                     ^[m[K
[01m[K/home/raphael/catkin_ws/src/target_generator/src/TargetGenerator.cpp:1390:33:[m[K [01;31m[Kerror: [m[K‘[01m[KObjectiveFunction[m[K’ was not declared in this scope
     fr = ObjectiveFunction(vr, n);
[01;32m[K                                 ^[m[K
[01m[K/home/raphael/catkin_ws/src/target_generator/src/TargetGenerator.cpp:1533:35:[m[K [01;31m[Kerror: [m[K‘[01m[KObjectiveFunction[m[K’ was not declared in this scope
   min = ObjectiveFunction(v[vs], n);
[01;32m[K                                   ^[m[K
[01m[K/home/raphael/catkin_ws/src/target_generator/src/TargetGenerator.cpp:[m[K In function ‘[01m[Kdouble SimplexFixo(double*, int, int, int)[m[K’:
[01m[K/home/raphael/catkin_ws/src/target_generator/src/TargetGenerator.cpp:1560:7:[m[K [01;31m[Kerror: [m[Kcannot convert ‘[01m[Kdouble*[m[K’ to ‘[01m[Kdouble[m[K’ in assignment
   min = Simplex(indiv, tam, erro, SCALE, passos, Alfa, Beta, Gama);
[01;32m[K       ^[m[K
[01m[K/home/raphael/catkin_ws/src/target_generator/src/TargetGenerator.cpp:[m[K In function ‘[01m[Kdouble SimplexRand(double*, int, int, int)[m[K’:
[01m[K/home/raphael/catkin_ws/src/target_generator/src/TargetGenerator.cpp:1570:44:[m[K [01;31m[Kerror: [m[K‘[01m[Krandgen[m[K’ was not declared in this scope
   Alfa = randgen(VLALFA - 0.5, VLALFA + 0.5);
[01;32m[K                                            ^[m[K
[01m[K/home/raphael/catkin_ws/src/target_generator/src/TargetGenerator.cpp:1574:7:[m[K [01;31m[Kerror: [m[Kcannot convert ‘[01m[Kdouble*[m[K’ to ‘[01m[Kdouble[m[K’ in assignment
   min = Simplex(indiv, tam, erro, SCALE, passos, Alfa, Beta, Gama);
[01;32m[K       ^[m[K
[01m[K/home/raphael/catkin_ws/src/target_generator/src/TargetGenerator.cpp:[m[K In function ‘[01m[Kvoid IniciaSct(Populacao*, int, int, int)[m[K’:
[01m[K/home/raphael/catkin_ws/src/target_generator/src/TargetGenerator.cpp:1587:9:[m[K [01;31m[Kerror: [m[K‘[01m[KlimFixos[m[K’ was not declared in this scope
   inf = limFixos[nfun].inf;
[01;32m[K         ^[m[K
[01m[K/home/raphael/catkin_ws/src/target_generator/src/TargetGenerator.cpp:1601:68:[m[K [01;31m[Kerror: [m[K‘[01m[Krandgen[m[K’ was not declared in this scope
       p->indiv[i].var[j] = (double)randgen(lista[j], lista[j] + pas);
[01;32m[K                                                                    ^[m[K
[01m[K/home/raphael/catkin_ws/src/target_generator/src/TargetGenerator.cpp:1603:47:[m[K [01;31m[Kerror: [m[K‘[01m[KObjectiveFunction[m[K’ was not declared in this scope
     fit = ObjectiveFunction(p->indiv[i].var, n);
[01;32m[K                                               ^[m[K
make[2]: *** [CMakeFiles/TargetGenerator.dir/src/TargetGenerator.cpp.o] Error 1
make[1]: *** [CMakeFiles/TargetGenerator.dir/all] Error 2
make: *** [all] Error 2
