Symlinking /home/ros/target_generator/devel/lib/libFirefly.so
Symlinking /home/ros/target_generator/devel/lib/libAStar.so
Symlinking /home/ros/target_generator/devel/lib/libNode.so
Symlinking /home/ros/target_generator/devel/lib/libTargetGenerator.so
Symlinking /home/ros/target_generator/devel/lib/target_generator/target_generator
Symlinking /home/ros/target_generator/devel/lib/pkgconfig/target_generator.pc
Symlinking /home/ros/target_generator/devel/share/target_generator/cmake/target_generatorConfig-version.cmake
Symlinking /home/ros/target_generator/devel/share/target_generator/cmake/target_generatorConfig.cmake
Cleaning: (/home/raphael/catkin_ws/devel/.private/target_generator/share/target_generator/cmake/target_generatorConfig-version.cmake, /home/raphael/catkin_ws/devel/share/target_generator/cmake/target_generatorConfig-version.cmake)
Cleaning: (/home/raphael/catkin_ws/devel/.private/target_generator/share/target_generator/cmake/target_generatorConfig.cmake, /home/raphael/catkin_ws/devel/share/target_generator/cmake/target_generatorConfig.cmake)
Cleaning: (/home/raphael/catkin_ws/devel/.private/target_generator/lib/libNode.so, /home/raphael/catkin_ws/devel/lib/libNode.so)
Cleaning: (/home/raphael/catkin_ws/devel/.private/target_generator/lib/libTargetGenerator.so, /home/raphael/catkin_ws/devel/lib/libTargetGenerator.so)
Cleaning: (/home/raphael/catkin_ws/devel/.private/target_generator/lib/libAStar.so, /home/raphael/catkin_ws/devel/lib/libAStar.so)
Cleaning: (/home/raphael/catkin_ws/devel/.private/target_generator/lib/libFirefly.so, /home/raphael/catkin_ws/devel/lib/libFirefly.so)
Cleaning: (/home/raphael/catkin_ws/devel/.private/target_generator/lib/pkgconfig/target_generator.pc, /home/raphael/catkin_ws/devel/lib/pkgconfig/target_generator.pc)
Cleaning: (/home/raphael/catkin_ws/devel/.private/target_generator/lib/target_generator/target_generator, /home/raphael/catkin_ws/devel/lib/target_generator/target_generator)
Unlinking: /home/raphael/catkin_ws/devel/share/target_generator/cmake/target_generatorConfig-version.cmake
Already unlinked: {}
Unlinking: /home/raphael/catkin_ws/devel/share/target_generator/cmake/target_generatorConfig.cmake
Already unlinked: {}
Unlinking: /home/raphael/catkin_ws/devel/lib/libNode.so
Already unlinked: {}
Unlinking: /home/raphael/catkin_ws/devel/lib/libTargetGenerator.so
Already unlinked: {}
Unlinking: /home/raphael/catkin_ws/devel/lib/libAStar.so
Already unlinked: {}
Unlinking: /home/raphael/catkin_ws/devel/lib/libFirefly.so
Already unlinked: {}
Unlinking: /home/raphael/catkin_ws/devel/lib/pkgconfig/target_generator.pc
Already unlinked: {}
Unlinking: /home/raphael/catkin_ws/devel/lib/target_generator/target_generator
Already unlinked: {}
