Determining if the pthread_create exist failed with the following output:
Change Dir: /home/raphael/catkin_ws/build/youbot_navigation_global/CMakeFiles/CMakeTmp

Run Build Command:"/usr/bin/make" "cmTC_0c62b/fast"
/usr/bin/make -f CMakeFiles/cmTC_0c62b.dir/build.make CMakeFiles/cmTC_0c62b.dir/build
make[1]: Entering directory '/home/raphael/catkin_ws/build/youbot_navigation_global/CMakeFiles/CMakeTmp'
Building C object CMakeFiles/cmTC_0c62b.dir/CheckSymbolExists.c.o
/usr/bin/cc     -o CMakeFiles/cmTC_0c62b.dir/CheckSymbolExists.c.o   -c /home/raphael/catkin_ws/build/youbot_navigation_global/CMakeFiles/CMakeTmp/CheckSymbolExists.c
Linking C executable cmTC_0c62b
/usr/bin/cmake -E cmake_link_script CMakeFiles/cmTC_0c62b.dir/link.txt --verbose=1
/usr/bin/cc       CMakeFiles/cmTC_0c62b.dir/CheckSymbolExists.c.o  -o cmTC_0c62b -rdynamic 
CMakeFiles/cmTC_0c62b.dir/CheckSymbolExists.c.o: na função `main':
CheckSymbolExists.c:(.text+0x16): referência indefinida para `pthread_create'
collect2: error: ld returned 1 exit status
CMakeFiles/cmTC_0c62b.dir/build.make:97: recipe for target 'cmTC_0c62b' failed
make[1]: *** [cmTC_0c62b] Error 1
make[1]: Leaving directory '/home/raphael/catkin_ws/build/youbot_navigation_global/CMakeFiles/CMakeTmp'
Makefile:126: recipe for target 'cmTC_0c62b/fast' failed
make: *** [cmTC_0c62b/fast] Error 2

File /home/raphael/catkin_ws/build/youbot_navigation_global/CMakeFiles/CMakeTmp/CheckSymbolExists.c:
/* */
#include <pthread.h>

int main(int argc, char** argv)
{
  (void)argv;
#ifndef pthread_create
  return ((int*)(&pthread_create))[argc];
#else
  (void)argc;
  return 0;
#endif
}

Determining if the function pthread_create exists in the pthreads failed with the following output:
Change Dir: /home/raphael/catkin_ws/build/youbot_navigation_global/CMakeFiles/CMakeTmp

Run Build Command:"/usr/bin/make" "cmTC_b770d/fast"
/usr/bin/make -f CMakeFiles/cmTC_b770d.dir/build.make CMakeFiles/cmTC_b770d.dir/build
make[1]: Entering directory '/home/raphael/catkin_ws/build/youbot_navigation_global/CMakeFiles/CMakeTmp'
Building C object CMakeFiles/cmTC_b770d.dir/CheckFunctionExists.c.o
/usr/bin/cc    -DCHECK_FUNCTION_EXISTS=pthread_create   -o CMakeFiles/cmTC_b770d.dir/CheckFunctionExists.c.o   -c /usr/share/cmake-3.5/Modules/CheckFunctionExists.c
Linking C executable cmTC_b770d
/usr/bin/cmake -E cmake_link_script CMakeFiles/cmTC_b770d.dir/link.txt --verbose=1
/usr/bin/cc   -DCHECK_FUNCTION_EXISTS=pthread_create    CMakeFiles/cmTC_b770d.dir/CheckFunctionExists.c.o  -o cmTC_b770d -rdynamic -lpthreads 
/usr/bin/ld: não foi possível encontrar -lpthreads
collect2: error: ld returned 1 exit status
CMakeFiles/cmTC_b770d.dir/build.make:97: recipe for target 'cmTC_b770d' failed
make[1]: *** [cmTC_b770d] Error 1
make[1]: Leaving directory '/home/raphael/catkin_ws/build/youbot_navigation_global/CMakeFiles/CMakeTmp'
Makefile:126: recipe for target 'cmTC_b770d/fast' failed
make: *** [cmTC_b770d/fast] Error 2


